0 info it worked if it ends with ok
1 verbose cli [ '/usr/bin/node',
1 verbose cli   '/usr/bin/npm',
1 verbose cli   'login',
1 verbose cli   '--registry=https://npm.pkg.github.com/' ]
2 info using npm@3.5.2
3 info using node@v8.10.0
4 verbose adduser before first PUT { _id: 'org.couchdb.user:fgsoftware1',
4 verbose adduser   name: 'fgsoftware1',
4 verbose adduser   password: 'XXXXX',
4 verbose adduser   email: 'fgsoftware1@gmail.com',
4 verbose adduser   type: 'user',
4 verbose adduser   roles: [],
4 verbose adduser   date: '2020-04-02T22:53:15.593Z' }
5 verbose request uri https://npm.pkg.github.com/-/user/org.couchdb.user:fgsoftware1
6 verbose request new user, so can't send auth
7 info attempt registry request try #1 at 11:53:15 PM
8 verbose request id 6a268fbead370ac9
9 http request PUT https://npm.pkg.github.com/-/user/org.couchdb.user:fgsoftware1
10 http 401 https://npm.pkg.github.com/-/user/org.couchdb.user:fgsoftware1
11 verbose headers { 'content-security-policy': 'default-src \'none\';',
11 verbose headers   'content-type': 'application/json; charset=utf-8',
11 verbose headers   server: 'GitHub Registry',
11 verbose headers   'strict-transport-security': 'max-age=31536000;',
11 verbose headers   'x-content-type-options': 'nosniff',
11 verbose headers   'x-frame-options': 'DENY',
11 verbose headers   'x-xss-protection': '1; mode=block',
11 verbose headers   date: 'Thu, 02 Apr 2020 21:53:18 GMT',
11 verbose headers   'content-length': '172',
11 verbose headers   'x-github-request-id': 'D807:62E5:4A6E:ED28:5E865ECD' }
12 verbose request invalidating /home/fgygh/.npm/npm.pkg.github.com/-/user/org.couchdb.user_3Afgsoftware1 on PUT
13 verbose adduser back [ { Error: Error authenticating user: Personal Access Token is invalid. Your token must have the `repo` and read:packages` scopes to login to the GitHub Package Registry. : -/user/org.couchdb.user:fgsoftware1
13 verbose adduser     at makeError (/usr/share/npm/node_modules/npm-registry-client/lib/request.js:264:12)
13 verbose adduser     at CachingRegistryClient.<anonymous> (/usr/share/npm/node_modules/npm-registry-client/lib/request.js:252:14)
13 verbose adduser     at Request._callback (/usr/share/npm/node_modules/npm-registry-client/lib/request.js:172:14)
13 verbose adduser     at Request.self.callback (/usr/share/npm/node_modules/request/request.js:198:22)
13 verbose adduser     at emitTwo (events.js:126:13)
13 verbose adduser     at Request.emit (events.js:214:7)
13 verbose adduser     at Request.<anonymous> (/usr/share/npm/node_modules/request/request.js:1082:10)
13 verbose adduser     at emitOne (events.js:121:20)
13 verbose adduser     at Request.emit (events.js:211:7)
13 verbose adduser     at IncomingMessage.<anonymous> (/usr/share/npm/node_modules/request/request.js:1009:12) statusCode: 401, code: 'E401' },
13 verbose adduser   { error: 'Error authenticating user: Personal Access Token is invalid. Your token must have the `repo` and read:packages` scopes to login to the GitHub Package Registry.' },
13 verbose adduser   '{"error":"Error authenticating user: Personal Access Token is invalid. Your token must have the `repo` and read:packages` scopes to login to the GitHub Package Registry."}' ]
14 warn adduser Incorrect username or password
14 warn adduser You can reset your account by visiting:
14 warn adduser
14 warn adduser     https://npmjs.org/forgot
15 verbose stack Error: Error authenticating user: Personal Access Token is invalid. Your token must have the `repo` and read:packages` scopes to login to the GitHub Package Registry. : -/user/org.couchdb.user:fgsoftware1
15 verbose stack     at makeError (/usr/share/npm/node_modules/npm-registry-client/lib/request.js:264:12)
15 verbose stack     at CachingRegistryClient.<anonymous> (/usr/share/npm/node_modules/npm-registry-client/lib/request.js:252:14)
15 verbose stack     at Request._callback (/usr/share/npm/node_modules/npm-registry-client/lib/request.js:172:14)
15 verbose stack     at Request.self.callback (/usr/share/npm/node_modules/request/request.js:198:22)
15 verbose stack     at emitTwo (events.js:126:13)
15 verbose stack     at Request.emit (events.js:214:7)
15 verbose stack     at Request.<anonymous> (/usr/share/npm/node_modules/request/request.js:1082:10)
15 verbose stack     at emitOne (events.js:121:20)
15 verbose stack     at Request.emit (events.js:211:7)
15 verbose stack     at IncomingMessage.<anonymous> (/usr/share/npm/node_modules/request/request.js:1009:12)
16 verbose statusCode 401
17 verbose cwd /home/fgygh/projectsite
18 error Linux 5.3.0-45-generic
19 error argv "/usr/bin/node" "/usr/bin/npm" "login" "--registry=https://npm.pkg.github.com/"
20 error node v8.10.0
21 error npm  v3.5.2
22 error code E401
23 error Error authenticating user: Personal Access Token is invalid. Your token must have the `repo` and read:packages` scopes to login to the GitHub Package Registry. : -/user/org.couchdb.user:fgsoftware1
24 error If you need help, you may report this error at:
24 error     <https://github.com/npm/npm/issues>
25 verbose exit [ 1, true ]
